<?xml version="1.0" encoding="UTF-8"?>
<testng-results ignored="0" total="2" passed="2" failed="0" skipped="0">
  <reporter-output>
  </reporter-output>
  <suite started-at="2023-10-05T13:30:02 IST" name="Suite" finished-at="2023-10-05T13:30:11 IST" duration-ms="8435">
    <groups>
    </groups>
    <test started-at="2023-10-05T13:30:02 IST" name="Test" finished-at="2023-10-05T13:30:11 IST" duration-ms="8435">
      <class name="testcases_docker.InvalidLogin">
        <test-method is-config="true" signature="browsersetup()[pri:0, instance:testcases_docker.InvalidLogin@55b699ef]" started-at="2023-10-05T13:30:02 IST" name="browsersetup" finished-at="2023-10-05T13:30:05 IST" duration-ms="2460" status="PASS">
          <reporter-output>
          </reporter-output>
        </test-method> <!-- browsersetup -->
        <test-method signature="testclass()[pri:0, instance:testcases_docker.InvalidLogin@55b699ef]" started-at="2023-10-05T13:30:05 IST" name="testclass" finished-at="2023-10-05T13:30:05 IST" duration-ms="638" status="PASS">
          <reporter-output>
          </reporter-output>
        </test-method> <!-- testclass -->
        <test-method is-config="true" signature="teardown()[pri:0, instance:testcases_docker.InvalidLogin@55b699ef]" started-at="2023-10-05T13:30:05 IST" name="teardown" finished-at="2023-10-05T13:30:05 IST" duration-ms="181" status="PASS">
          <reporter-output>
          </reporter-output>
        </test-method> <!-- teardown -->
      </class> <!-- testcases_docker.InvalidLogin -->
      <class name="testcases_docker.ValidLogin">
        <test-method is-config="true" signature="browsersetup()[pri:0, instance:testcases_docker.ValidLogin@4562e04d]" started-at="2023-10-05T13:30:05 IST" name="browsersetup" finished-at="2023-10-05T13:30:07 IST" duration-ms="1502" status="PASS">
          <reporter-output>
          </reporter-output>
        </test-method> <!-- browsersetup -->
        <test-method signature="testclass()[pri:0, instance:testcases_docker.ValidLogin@4562e04d]" started-at="2023-10-05T13:30:07 IST" name="testclass" finished-at="2023-10-05T13:30:10 IST" duration-ms="3504" status="PASS">
          <reporter-output>
          </reporter-output>
        </test-method> <!-- testclass -->
        <test-method is-config="true" signature="teardown()[pri:0, instance:testcases_docker.ValidLogin@4562e04d]" started-at="2023-10-05T13:30:10 IST" name="teardown" finished-at="2023-10-05T13:30:11 IST" duration-ms="102" status="PASS">
          <reporter-output>
          </reporter-output>
        </test-method> <!-- teardown -->
      </class> <!-- testcases_docker.ValidLogin -->
    </test> <!-- Test -->
  </suite> <!-- Suite -->
</testng-results>
