<?xml version="1.0" encoding="UTF-8"?>
<testng-results ignored="0" total="2" passed="2" failed="0" skipped="0">
  <reporter-output>
  </reporter-output>
  <suite started-at="2023-10-05T13:28:47 IST" name="Suite" finished-at="2023-10-05T13:28:55 IST" duration-ms="8184">
    <groups>
    </groups>
    <test started-at="2023-10-05T13:28:47 IST" name="Test" finished-at="2023-10-05T13:28:55 IST" duration-ms="8184">
      <class name="testcases_docker.InvalidLogin">
        <test-method is-config="true" signature="browsersetup()[pri:0, instance:testcases_docker.InvalidLogin@55b699ef]" started-at="2023-10-05T13:28:47 IST" name="browsersetup" finished-at="2023-10-05T13:28:49 IST" duration-ms="2576" status="PASS">
          <reporter-output>
          </reporter-output>
        </test-method> <!-- browsersetup -->
        <test-method signature="testclass()[pri:0, instance:testcases_docker.InvalidLogin@55b699ef]" started-at="2023-10-05T13:28:49 IST" name="testclass" finished-at="2023-10-05T13:28:50 IST" duration-ms="568" status="PASS">
          <reporter-output>
          </reporter-output>
        </test-method> <!-- testclass -->
        <test-method is-config="true" signature="teardown()[pri:0, instance:testcases_docker.InvalidLogin@55b699ef]" started-at="2023-10-05T13:28:50 IST" name="teardown" finished-at="2023-10-05T13:28:50 IST" duration-ms="123" status="PASS">
          <reporter-output>
          </reporter-output>
        </test-method> <!-- teardown -->
      </class> <!-- testcases_docker.InvalidLogin -->
      <class name="testcases_docker.ValidLogin">
        <test-method is-config="true" signature="browsersetup()[pri:0, instance:testcases_docker.ValidLogin@4562e04d]" started-at="2023-10-05T13:28:50 IST" name="browsersetup" finished-at="2023-10-05T13:28:51 IST" duration-ms="1258" status="PASS">
          <reporter-output>
          </reporter-output>
        </test-method> <!-- browsersetup -->
        <test-method signature="testclass()[pri:0, instance:testcases_docker.ValidLogin@4562e04d]" started-at="2023-10-05T13:28:51 IST" name="testclass" finished-at="2023-10-05T13:28:55 IST" duration-ms="3507" status="PASS">
          <reporter-output>
          </reporter-output>
        </test-method> <!-- testclass -->
        <test-method is-config="true" signature="teardown()[pri:0, instance:testcases_docker.ValidLogin@4562e04d]" started-at="2023-10-05T13:28:55 IST" name="teardown" finished-at="2023-10-05T13:28:55 IST" duration-ms="87" status="PASS">
          <reporter-output>
          </reporter-output>
        </test-method> <!-- teardown -->
      </class> <!-- testcases_docker.ValidLogin -->
    </test> <!-- Test -->
  </suite> <!-- Suite -->
</testng-results>
